#
# There is insufficient memory for the Java Runtime Environment to continue.
# Native memory allocation (malloc) failed to allocate 1048576 bytes for AllocateHeap
# Possible reasons:
#   The system is out of physical RAM or swap space
#   The process is running with CompressedOops enabled, and the Java Heap may be blocking the growth of the native heap
# Possible solutions:
#   Reduce memory load on the system
#   Increase physical memory or swap space
#   Check if swap backing store is full
#   Decrease Java heap size (-Xmx/-Xms)
#   Decrease number of Java threads
#   Decrease Java thread stack sizes (-Xss)
#   Set larger code cache with -XX:ReservedCodeCacheSize=
#   JVM is running with Zero Based Compressed Oops mode in which the Java heap is
#     placed in the first 32GB address space. The Java Heap base address is the
#     maximum limit for the native heap growth. Please use -XX:HeapBaseMinAddress
#     to set the Java Heap base and to place the Java Heap above 32GB virtual address.
# This output file may be truncated or incomplete.
#
#  Out of Memory Error (memory/allocation.inline.hpp:61), pid=10640, tid=0x0000000000021938
#
# JRE version:  (8.0_361) (build )
# Java VM: Java HotSpot(TM) 64-Bit Server VM (25.361-b09 mixed mode windows-amd64 compressed oops)
# Failed to write core dump. Minidumps are not enabled by default on client versions of Windows
#

---------------  T H R E A D  ---------------

Current thread (0x000002946797f000):  JavaThread "Unknown thread" [_thread_in_vm, id=137528, stack(0x000000bedd800000,0x000000bedd900000)]

Stack: [0x000000bedd800000,0x000000bedd900000]
Native frames: (J=compiled Java code, j=interpreted, Vv=VM code, C=native code)
V  [jvm.dll+0x3317a9]
V  [jvm.dll+0x277c4e]
V  [jvm.dll+0x27888d]
V  [jvm.dll+0x26f0d5]
V  [jvm.dll+0x509d]
V  [jvm.dll+0x3cca9c]
V  [jvm.dll+0x3c8e07]
V  [jvm.dll+0xfd0df]
V  [jvm.dll+0x20c29b]
V  [jvm.dll+0x23adc7]
V  [jvm.dll+0x1637b6]
C  [java.exe+0x2312]
C  [java.exe+0x15f54]
C  [KERNEL32.DLL+0x155a0]
C  [ntdll.dll+0x485b]


---------------  P R O C E S S  ---------------

Java Threads: ( => current thread )

Other Threads:

=>0x000002946797f000 (exited) JavaThread "Unknown thread" [_thread_in_vm, id=137528, stack(0x000000bedd800000,0x000000bedd900000)]

VM state:not at safepoint (normal execution)

VM Mutex/Monitor currently owned by a thread: None

heap address: 0x00000006c2400000, size: 4060 MB, Compressed Oops mode: Zero based, Oop shift amount: 3
Narrow klass base: 0x0000000000000000, Narrow klass shift: 3
Compressed class space size: 1073741824 Address: 0x00000007c0000000

Heap:
 PSYoungGen      total 75776K, used 1300K [0x000000076b700000, 0x0000000770b80000, 0x00000007c0000000)
  eden space 65024K, 2% used [0x000000076b700000,0x000000076b8451f8,0x000000076f680000)
  from space 10752K, 0% used [0x0000000770100000,0x0000000770100000,0x0000000770b80000)
  to   space 10752K, 0% used [0x000000076f680000,0x000000076f680000,0x0000000770100000)
 ParOldGen       total 173568K, used 0K [0x00000006c2400000, 0x00000006ccd80000, 0x000000076b700000)
  object space 173568K, 0% used [0x00000006c2400000,0x00000006c2400000,0x00000006ccd80000)
 Metaspace       used 775K, capacity 4480K, committed 4480K, reserved 1056768K
  class space    used 76K, capacity 384K, committed 384K, reserved 1048576K

Card table byte_map: [0x00000294787a0000,0x0000029478f90000] byte_map_base: 0x000002947518e000

Marking Bits: (ParMarkBitMap*) 0x000000005b74b090
 Begin Bits: [0x0000029400000000, 0x0000029403f70000)
 End Bits:   [0x0000029403f70000, 0x0000029407ee0000)

Polling page: 0x00000294693b0000

CodeCache: size=245760Kb used=328Kb max_used=328Kb free=245431Kb
 bounds [0x00000294693e0000, 0x0000029469650000, 0x00000294783e0000]
 total_blobs=57 nmethods=0 adapters=38
 compilation: enabled

Compilation events (0 events):
No events

GC Heap History (0 events):
No events

Deoptimization events (0 events):
No events

Classes redefined (0 events):
No events

Internal exceptions (0 events):
No events

Events (10 events):
Event: 0.025 loading class java/lang/Short
Event: 0.025 loading class java/lang/Short done
Event: 0.025 loading class java/lang/Integer
Event: 0.025 loading class java/lang/Integer done
Event: 0.025 loading class java/lang/Long
Event: 0.026 loading class java/lang/Long done
Event: 0.026 loading class java/lang/NullPointerException
Event: 0.026 loading class java/lang/NullPointerException done
Event: 0.026 loading class java/lang/ArithmeticException
Event: 0.026 loading class java/lang/ArithmeticException done


Dynamic libraries:
0x00007ff6c3020000 - 0x00007ff6c3067000 	D:\develop\Java\jdk1.8.0_361\bin\java.exe
0x00007ffd4dba0000 - 0x00007ffd4dda9000 	C:\WINDOWS\SYSTEM32\ntdll.dll
0x00007ffd4d270000 - 0x00007ffd4d32e000 	C:\WINDOWS\System32\KERNEL32.DLL
0x00007ffd4b2e0000 - 0x00007ffd4b664000 	C:\WINDOWS\System32\KERNELBASE.dll
0x00007ffd4bb50000 - 0x00007ffd4bbff000 	C:\WINDOWS\System32\ADVAPI32.dll
0x00007ffd4d0b0000 - 0x00007ffd4d153000 	C:\WINDOWS\System32\msvcrt.dll
0x00007ffd4bc80000 - 0x00007ffd4bd1e000 	C:\WINDOWS\System32\sechost.dll
0x00007ffd4bf40000 - 0x00007ffd4c061000 	C:\WINDOWS\System32\RPCRT4.dll
0x00007ffd4d950000 - 0x00007ffd4dafd000 	C:\WINDOWS\System32\USER32.dll
0x00007ffd4b230000 - 0x00007ffd4b256000 	C:\WINDOWS\System32\win32u.dll
0x00007ffd4cb10000 - 0x00007ffd4cb3a000 	C:\WINDOWS\System32\GDI32.dll
0x00007ffd4b670000 - 0x00007ffd4b78f000 	C:\WINDOWS\System32\gdi32full.dll
0x00007ffd4b8b0000 - 0x00007ffd4b94d000 	C:\WINDOWS\System32\msvcp_win.dll
0x00007ffd4b790000 - 0x00007ffd4b8a1000 	C:\WINDOWS\System32\ucrtbase.dll
0x00007ffd381e0000 - 0x00007ffd38485000 	C:\WINDOWS\WinSxS\amd64_microsoft.windows.common-controls_6595b64144ccf1df_6.0.22000.120_none_9d947278b86cc467\COMCTL32.dll
0x00007ffd4d230000 - 0x00007ffd4d261000 	C:\WINDOWS\System32\IMM32.DLL
0x00007ffd3c9b0000 - 0x00007ffd3c9c5000 	D:\develop\Java\jdk1.8.0_361\jre\bin\vcruntime140.dll
0x00007ffd3c910000 - 0x00007ffd3c9ab000 	D:\develop\Java\jdk1.8.0_361\jre\bin\msvcp140.dll
0x000000005af60000 - 0x000000005b7c3000 	D:\develop\Java\jdk1.8.0_361\jre\bin\server\jvm.dll
0x00007ffd4d160000 - 0x00007ffd4d168000 	C:\WINDOWS\System32\PSAPI.DLL
0x00007ffd44cb0000 - 0x00007ffd44cba000 	C:\WINDOWS\SYSTEM32\VERSION.dll
0x00007ffd45430000 - 0x00007ffd45463000 	C:\WINDOWS\SYSTEM32\WINMM.dll
0x00007ffd3d0b0000 - 0x00007ffd3d0b9000 	C:\WINDOWS\SYSTEM32\WSOCK32.dll
0x00007ffd4d4f0000 - 0x00007ffd4d55f000 	C:\WINDOWS\System32\WS2_32.dll
0x00007ffd4a1c0000 - 0x00007ffd4a1d8000 	C:\WINDOWS\SYSTEM32\kernel.appcore.dll
0x00007ffd47370000 - 0x00007ffd47380000 	D:\develop\Java\jdk1.8.0_361\jre\bin\verify.dll
0x00007ffd3c8e0000 - 0x00007ffd3c90b000 	D:\develop\Java\jdk1.8.0_361\jre\bin\java.dll
0x00007ffd3ceb0000 - 0x00007ffd3cee0000 	D:\develop\Java\jdk1.8.0_361\jre\bin\instrument.dll
0x00007ffd1d8e0000 - 0x00007ffd1d8f8000 	D:\develop\Java\jdk1.8.0_361\jre\bin\zip.dll
0x00007ffd48d80000 - 0x00007ffd48fa1000 	C:\WINDOWS\SYSTEM32\dbghelp.dll
0x00007ffd4b260000 - 0x00007ffd4b2df000 	C:\WINDOWS\System32\bcryptPrimitives.dll

VM Arguments:
jvm_args: -javaagent:D:\develop\IntelliJ IDEA 2020.1.4\lib\idea_rt.jar=59108:D:\develop\IntelliJ IDEA 2020.1.4\bin -Dfile.encoding=UTF-8 
java_command: com.hainiuxy.io.Demo04_Buffer
java_class_path (initial): D:\develop\Java\jdk1.8.0_361\jre\lib\charsets.jar;D:\develop\Java\jdk1.8.0_361\jre\lib\deploy.jar;D:\develop\Java\jdk1.8.0_361\jre\lib\ext\access-bridge-64.jar;D:\develop\Java\jdk1.8.0_361\jre\lib\ext\cldrdata.jar;D:\develop\Java\jdk1.8.0_361\jre\lib\ext\dnsns.jar;D:\develop\Java\jdk1.8.0_361\jre\lib\ext\jaccess.jar;D:\develop\Java\jdk1.8.0_361\jre\lib\ext\jfxrt.jar;D:\develop\Java\jdk1.8.0_361\jre\lib\ext\localedata.jar;D:\develop\Java\jdk1.8.0_361\jre\lib\ext\nashorn.jar;D:\develop\Java\jdk1.8.0_361\jre\lib\ext\sunec.jar;D:\develop\Java\jdk1.8.0_361\jre\lib\ext\sunjce_provider.jar;D:\develop\Java\jdk1.8.0_361\jre\lib\ext\sunmscapi.jar;D:\develop\Java\jdk1.8.0_361\jre\lib\ext\sunpkcs11.jar;D:\develop\Java\jdk1.8.0_361\jre\lib\ext\zipfs.jar;D:\develop\Java\jdk1.8.0_361\jre\lib\javaws.jar;D:\develop\Java\jdk1.8.0_361\jre\lib\jce.jar;D:\develop\Java\jdk1.8.0_361\jre\lib\jfr.jar;D:\develop\Java\jdk1.8.0_361\jre\lib\jfxswt.jar;D:\develop\Java\jdk1.8.0_361\jre\lib\jsse.jar;D:\develop\Java\jdk1.8.0_361\jre\lib\management-agent.jar;D:\develop\Java\jdk1.8.0_361\jre\lib\plugin.jar;D:\develop\Java\jdk1.8.0_361\jre\lib\resources.jar;D:\develop\Java\jdk1.8.0_361\jre\lib\rt.jar;D:\Users\admin\IdeaProjects\day07-zixi615\out\production\day10-Io;D:\develop\IntelliJ IDEA 2020.1.4\lib\idea_rt.jar
Launcher Type: SUN_STANDARD

Environment Variables:
JAVA_HOME=D:\Develop\Java\jdk1.8.0_361
PATH=C:\Program Files (x86)\Common Files\Oracle\Java\javapath;C:\Windows\system32;C:\Windows;C:\Windows\System32\Wbem;C:\Windows\System32\WindowsPowerShell\v1.0\;C:\Windows\System32\OpenSSH\;C:\Program Files (x86)\NVIDIA Corporation\PhysX\Common;C:\Program Files\NVIDIA Corporation\NVIDIA NvDLISR;C:\WINDOWS\system32;C:\WINDOWS;C:\WINDOWS\System32\Wbem;C:\WINDOWS\System32\WindowsPowerShell\v1.0\;C:\WINDOWS\System32\OpenSSH\;C:\Users\admin\AppData\Local\Microsoft\WindowsApps;D:\Develop\Java\jdk1.8.0_361\bin;
USERNAME=admin
OS=Windows_NT
PROCESSOR_IDENTIFIER=AMD64 Family 25 Model 80 Stepping 0, AuthenticAMD



---------------  S Y S T E M  ---------------

OS: Windows 11 , 64 bit Build 22000 (10.0.22000.1880)

CPU:total 16 (initial active 16) (16 cores per cpu, 1 threads per core) family 25 model 80 stepping 0, cmov, cx8, fxsr, mmx, sse, sse2, sse3, ssse3, sse4.1, sse4.2, popcnt, avx, avx2, aes, clmul, erms, mmxext, 3dnowpref, lzcnt, sse4a, tsc, tscinvbit, tscinv, bmi1

Memory: 4k page, physical 16625724k(2769528k free), swap 29732920k(336692k free)

vm_info: Java HotSpot(TM) 64-Bit Server VM (25.361-b09) for windows-amd64 JRE (1.8.0_361-b09), built on Jan  9 2023 08:38:53 by "java_re" with MS VC++ 15.9 (VS2017)

time: Tue Jun 20 22:20:52 2023
timezone: AMD64 Family 25 Model 80 Stepping 0, AuthenticAMD
elapsed time: 0.065511 seconds (0d 0h 0m 0s)

